<?xml version="1.0" encoding="utf-8"?><testsuites name="pytest tests"><testsuite name="pytest" errors="0" failures="0" skipped="0" tests="14" time="3.904" timestamp="2026-05-03T08:14:05.167569+00:00" hostname="agent-env-8182c590-f0ad-4449-9815-ecc6166abe8c"><testcase classname="backend.tests.test_backend" name="test_health" time="0.235" /><testcase classname="backend.tests.test_backend" name="test_market_status" time="0.045" /><testcase classname="backend.tests.test_backend" name="test_search_reli" time="0.044" /><testcase classname="backend.tests.test_backend" name="test_search_empty" time="0.046" /><testcase classname="backend.tests.test_backend" name="test_settings_get" time="0.046" /><testcase classname="backend.tests.test_backend" name="test_settings_put_valid" time="0.069" /><testcase classname="backend.tests.test_backend" name="test_settings_put_invalid" time="0.081" /><testcase classname="backend.tests.test_backend" name="test_watchlist_create_populates_price" time="0.528" /><testcase classname="backend.tests.test_backend" name="test_watchlist_duplicate_409" time="0.042" /><testcase classname="backend.tests.test_backend" name="test_watchlist_patch" time="0.049" /><testcase classname="backend.tests.test_backend" name="test_watchlist_patch_pct_drop_resets_ref" time="0.132" /><testcase classname="backend.tests.test_backend" name="test_alerts_initial" time="0.042" /><testcase classname="backend.tests.test_backend" name="test_alert_fires_and_resets" time="1.670" /><testcase classname="backend.tests.test_backend" name="test_delete_cascade" time="0.802" /></testsuite></testsuites>